<?xml version="1.0" encoding="UTF-8"?>
<!-- Generated by org.testng.reporters.JUnitReportReporter -->
<testsuite hostname="KRISHNA-LENOVO" failures="0" tests="1" name="automation.test_authorization_system.AppTest" time="0.002" errors="0" timestamp="2023-03-31T20:27:16 IST" skipped="0">
  <testcase classname="automation.test_authorization_system.AppTest" name="testApp" time="0.002"/>
  <system-out/>
</testsuite> <!-- automation.test_authorization_system.AppTest -->
